2024-05-19 13:01:38 -  - exec CUpdateClientPartner::__CollectRequestData
2024-05-19 13:01:38 -  - exec CUpdateClientPartner::GetHTTPPage
2024-05-19 13:01:38 -  - exec CUpdateClientPartner::ParseServerData
2024-05-19 13:01:38 -  - exec CUpdateClientPartner::GetUpdatesList
2024-05-19 13:01:38 -  - exec CUpdateClientPartner::__CollectRequestData
2024-05-19 13:01:38 -  - utf=Y&lang=ru&stable=Y&CANGZIP=Y&SUPD_DBS=MYSQL&XE=N&CLIENT_SITE=btrx&LICENSE_KEY=X&SUPD_STS=1&SUPD_URS=1&TYPENC=D&CLIENT_PHPVER=8.1.9&NGINX=Y&dbv=8.0.30&instm=main%2C23.300.100%2CY%3Bb24connector%2C22.0.0%2CN%3Bbitrix.sitecorporate%2C15.5.0%2CN%3Bbitrix.siteinfoportal%2C15.5.0%2CN%3Bbitrix.sitepersonal%2C15.5.0%2CN%3Bbitrixcloud%2C22.100.0%2CN%3Bblog%2C22.0.0%2CN%3Bclouds%2C23.0.0%2CN%3Bfileman%2C22.300.0%2CN%3Bform%2C22.0.0%2CN%3Bforum%2C23.0.0%2CN%3Bhighloadblock%2C22.200.0%2CN%3Biblock%2C23.100.0%2CN%3Blanding%2C23.600.150%2CN%3Blocation%2C23.0.0%2CN%3Bmessageservice%2C23.0.0%2CN%3Bmobileapp%2C23.0.0%2CN%3Bperfmon%2C21.0.0%2CN%3Bphotogallery%2C22.0.200%2CN%3Brest%2C23.100.0%2CN%3Bscale%2C21.0.0%2CN%3Bsearch%2C22.100.0%2CN%3Bsecurity%2C21.300.0%2CN%3Bseo%2C23.200.0%2CN%3Bsocialservices%2C22.200.400%2CN%3Bsubscribe%2C21.0.0%2CN%3Btranslate%2C23.200.0%2CN%3Bui%2C22.1600.0%2CN%3Bvote%2C23.0.0%2CN&reqm=bitrix.sitecorporate%2Cbitrix.siteinfoportal%2Cbitrix.sitepersonal&fullmoduleinfo=Y&SUPD_SRS=RU&SUPD_CMP=N
2024-05-19 13:01:38 -  - exec CUpdateClientPartner::GetHTTPPage
2024-05-19 13:01:38 -  - TIME GetUpdatesList(request) 0.166 sec
2024-05-19 13:01:38 -  - exec CUpdateClientPartner::ParseServerData
2024-05-19 13:01:38 -  - exec CUpdateClientPartner::__CollectRequestData
2024-05-19 13:01:38 -  - exec CUpdateClientPartner::GetHTTPPage
2024-05-19 13:01:38 -  - exec CUpdateClientPartner::ParseServerData
2024-05-19 13:02:09 -  - exec CUpdateClientPartner::GetUpdatesList
2024-05-19 13:02:09 -  - exec CUpdateClientPartner::__CollectRequestData
2024-05-19 13:02:09 -  - utf=Y&lang=ru&stable=Y&CANGZIP=Y&SUPD_DBS=MYSQL&XE=N&CLIENT_SITE=btrx&LICENSE_KEY=X&SUPD_STS=1&SUPD_URS=1&TYPENC=D&CLIENT_PHPVER=8.1.9&NGINX=Y&dbv=8.0.30&instm=main%2C23.300.100%2CY%3Bb24connector%2C22.0.0%2CN%3Bbitrix.sitecorporate%2C15.5.0%2CN%3Bbitrix.siteinfoportal%2C15.5.0%2CN%3Bbitrix.sitepersonal%2C15.5.0%2CN%3Bbitrixcloud%2C22.100.0%2CN%3Bblog%2C22.0.0%2CN%3Bclouds%2C23.0.0%2CN%3Bfileman%2C22.300.0%2CN%3Bform%2C22.0.0%2CN%3Bforum%2C23.0.0%2CN%3Bhighloadblock%2C22.200.0%2CN%3Biblock%2C23.100.0%2CN%3Blanding%2C23.600.150%2CN%3Blocation%2C23.0.0%2CN%3Bmessageservice%2C23.0.0%2CN%3Bmobileapp%2C23.0.0%2CN%3Bperfmon%2C21.0.0%2CN%3Bphotogallery%2C22.0.200%2CN%3Brest%2C23.100.0%2CN%3Bscale%2C21.0.0%2CN%3Bsearch%2C22.100.0%2CN%3Bsecurity%2C21.300.0%2CN%3Bseo%2C23.200.0%2CN%3Bsocialservices%2C22.200.400%2CN%3Bsubscribe%2C21.0.0%2CN%3Btranslate%2C23.200.0%2CN%3Bui%2C22.1600.0%2CN%3Bvote%2C23.0.0%2CN&reqm=bitrix.sitecorporate%2Cbitrix.siteinfoportal%2Cbitrix.sitepersonal%2Csprint.migration&SUPD_SRS=RU&SUPD_CMP=N
2024-05-19 13:02:09 -  - exec CUpdateClientPartner::GetHTTPPage
2024-05-19 13:02:09 -  - TIME GetUpdatesList(request) 0.188 sec
2024-05-19 13:02:09 -  - exec CUpdateClientPartner::ParseServerData
2024-05-19 13:02:16 -  - exec CUpdateClientPartner::LoadModulesUpdates
2024-05-19 13:02:16 -  - exec CUpdateClientPartner::__CollectRequestData
2024-05-19 13:02:16 -  - utf=Y&lang=ru&stable=Y&CANGZIP=Y&SUPD_DBS=MYSQL&XE=N&CLIENT_SITE=btrx&LICENSE_KEY=X&SUPD_STS=1&SUPD_URS=1&TYPENC=D&CLIENT_PHPVER=8.1.9&NGINX=Y&dbv=8.0.30&instm=main%2C23.300.100%2CY%3Bb24connector%2C22.0.0%2CN%3Bbitrix.sitecorporate%2C15.5.0%2CN%3Bbitrix.siteinfoportal%2C15.5.0%2CN%3Bbitrix.sitepersonal%2C15.5.0%2CN%3Bbitrixcloud%2C22.100.0%2CN%3Bblog%2C22.0.0%2CN%3Bclouds%2C23.0.0%2CN%3Bfileman%2C22.300.0%2CN%3Bform%2C22.0.0%2CN%3Bforum%2C23.0.0%2CN%3Bhighloadblock%2C22.200.0%2CN%3Biblock%2C23.100.0%2CN%3Blanding%2C23.600.150%2CN%3Blocation%2C23.0.0%2CN%3Bmessageservice%2C23.0.0%2CN%3Bmobileapp%2C23.0.0%2CN%3Bperfmon%2C21.0.0%2CN%3Bphotogallery%2C22.0.200%2CN%3Brest%2C23.100.0%2CN%3Bscale%2C21.0.0%2CN%3Bsearch%2C22.100.0%2CN%3Bsecurity%2C21.300.0%2CN%3Bseo%2C23.200.0%2CN%3Bsocialservices%2C22.200.400%2CN%3Bsubscribe%2C21.0.0%2CN%3Btranslate%2C23.200.0%2CN%3Bui%2C22.1600.0%2CN%3Bvote%2C23.0.0%2CN&reqm=sprint.migration&lim=Y&SUPD_SRS=RU&SUPD_CMP=N
2024-05-19 13:02:16 -  - exec CUpdateClientPartner::GetHTTPPage
2024-05-19 13:02:16 -  - TIME LoadModulesUpdates(request) 0.156 sec
2024-05-19 13:02:16 -  - exec CUpdateClientPartner::ParseServerData
2024-05-19 13:02:16 - S - STEP
2024-05-19 13:02:16 - LMU01 - LoadModulesUpdates-Step
2024-05-19 13:02:17 -  - exec CUpdateClientPartner::LoadModulesUpdates
2024-05-19 13:02:17 -  - exec CUpdateClientPartner::ParseServerData
2024-05-19 13:02:17 -  - loadFile
2024-05-19 13:02:17 - U - RETURN
2024-05-19 13:02:17 -  - exec CUpdateClientPartner::UnGzipArchive
2024-05-19 13:02:20 -  - TIME UnGzipArchive 2.797 sec
2024-05-19 13:02:22 -  - TIME UpdateStepModules 2.548 sec
2024-05-19 13:02:22 - UPD_SUCCESS - Updated: sprint.migration
2024-05-19 13:02:22 -  - exec CUpdateClientPartner::LoadModulesUpdates
2024-05-19 13:02:22 -  - exec CUpdateClientPartner::__CollectRequestData
2024-05-19 13:02:22 -  - utf=Y&lang=ru&stable=Y&CANGZIP=Y&SUPD_DBS=MYSQL&XE=N&CLIENT_SITE=btrx&LICENSE_KEY=X&SUPD_STS=1&SUPD_URS=1&TYPENC=D&CLIENT_PHPVER=8.1.9&NGINX=Y&dbv=8.0.30&instm=main%2C23.300.100%2CY%3Bb24connector%2C22.0.0%2CN%3Bbitrix.sitecorporate%2C15.5.0%2CN%3Bbitrix.siteinfoportal%2C15.5.0%2CN%3Bbitrix.sitepersonal%2C15.5.0%2CN%3Bbitrixcloud%2C22.100.0%2CN%3Bblog%2C22.0.0%2CN%3Bclouds%2C23.0.0%2CN%3Bfileman%2C22.300.0%2CN%3Bform%2C22.0.0%2CN%3Bforum%2C23.0.0%2CN%3Bhighloadblock%2C22.200.0%2CN%3Biblock%2C23.100.0%2CN%3Blanding%2C23.600.150%2CN%3Blocation%2C23.0.0%2CN%3Bmessageservice%2C23.0.0%2CN%3Bmobileapp%2C23.0.0%2CN%3Bperfmon%2C21.0.0%2CN%3Bphotogallery%2C22.0.200%2CN%3Brest%2C23.100.0%2CN%3Bscale%2C21.0.0%2CN%3Bsearch%2C22.100.0%2CN%3Bsecurity%2C21.300.0%2CN%3Bseo%2C23.200.0%2CN%3Bsocialservices%2C22.200.400%2CN%3Bsprint.migration%2C4.1.3%2CN%3Bsubscribe%2C21.0.0%2CN%3Btranslate%2C23.200.0%2CN%3Bui%2C22.1600.0%2CN%3Bvote%2C23.0.0%2CN&reqm=sprint.migration&lim=Y&SUPD_SRS=RU&SUPD_CMP=N
2024-05-19 13:02:22 -  - exec CUpdateClientPartner::GetHTTPPage
2024-05-19 13:02:23 -  - TIME LoadModulesUpdates(request) 0.152 sec
2024-05-19 13:02:23 -  - exec CUpdateClientPartner::ParseServerData
2024-05-19 13:02:23 - S - STEP
2024-05-19 13:02:23 - LMU01 - LoadModulesUpdates-Step
2024-05-19 13:02:23 -  - exec CUpdateClientPartner::LoadModulesUpdates
2024-05-19 13:02:23 -  - exec CUpdateClientPartner::ParseServerData
2024-05-19 13:02:23 -  - loadFile
2024-05-19 13:02:23 - U - RETURN
2024-05-19 13:02:23 -  - exec CUpdateClientPartner::UnGzipArchive
2024-05-19 13:02:25 -  - TIME UnGzipArchive 2.166 sec
2024-05-19 13:02:25 - CSURUS1 - Run updater '/bitrix/updates/update_m1716112943/sprint.migration/updater4.2.4.php'
2024-05-19 13:02:27 -  - TIME UpdateStepModules 1.658 sec
2024-05-19 13:02:27 - UPD_SUCCESS - Updated: sprint.migration (4.2.4)<br>1) Перенос вкладки Журнал событий для миграции инфоблока (автор @SkeitOl)<br> 2) Доработка схемы почтовых событий (автор @jasmanchik )<br> 3) Параметр в конфигурации exchange_dir, переопределяющий директорию файлов импорта (xml и картинок) (автор @casnerano)<br> 4) Миграция названий пользовательских колонок в списках (custom_names) (автор @Sinator)<br> 5) Возобновление длительной миграции, добавлена кнопка \"Запустить снова\" (автор @Sinator)<br> 6) Откат добавленных элементов в инфоблоках и справочниках (автор Владимир Засорин)<br> 7) Корректный перенос почтовых шаблонов для форм (список arMAIL_TEMPLATE) (автор SergeyBeloglazovRL)<br> 8) Строгий режим установки миграций, при ошибке в одной из миграций процесс останавливается<br> 9) Перенос элементов highload-блоков по xml_id<br> 10) Перенос привязанных элементов инфоблока (автор fenix63)<br> 11) Добавлен метод $this->checkRequiredVersions([VersionName1]), бросающий исключение в случае, если нужные миграции не установлены<br> 12) Добавлено свойство $requiredVersions=[VersionName1, VersionName2], не дающее установить миграцию, если не установлены заданные<br> 13) Убраны параметр в конфиге version_filter и метод в классе миграции $this->isVersionEnabled(), некоректно фильтровавший список миграций 14) Методы в классе миграции saveData, getSavedData, deleteSavedData, перенесены внутрь объекта $this->getStorageManager()<br> 
2024-05-19 13:02:27 -  - exec CUpdateClientPartner::LoadModulesUpdates
2024-05-19 13:02:27 -  - exec CUpdateClientPartner::__CollectRequestData
2024-05-19 13:02:27 -  - utf=Y&lang=ru&stable=Y&CANGZIP=Y&SUPD_DBS=MYSQL&XE=N&CLIENT_SITE=btrx&LICENSE_KEY=X&SUPD_STS=1&SUPD_URS=1&TYPENC=D&CLIENT_PHPVER=8.1.9&NGINX=Y&dbv=8.0.30&instm=main%2C23.300.100%2CY%3Bb24connector%2C22.0.0%2CN%3Bbitrix.sitecorporate%2C15.5.0%2CN%3Bbitrix.siteinfoportal%2C15.5.0%2CN%3Bbitrix.sitepersonal%2C15.5.0%2CN%3Bbitrixcloud%2C22.100.0%2CN%3Bblog%2C22.0.0%2CN%3Bclouds%2C23.0.0%2CN%3Bfileman%2C22.300.0%2CN%3Bform%2C22.0.0%2CN%3Bforum%2C23.0.0%2CN%3Bhighloadblock%2C22.200.0%2CN%3Biblock%2C23.100.0%2CN%3Blanding%2C23.600.150%2CN%3Blocation%2C23.0.0%2CN%3Bmessageservice%2C23.0.0%2CN%3Bmobileapp%2C23.0.0%2CN%3Bperfmon%2C21.0.0%2CN%3Bphotogallery%2C22.0.200%2CN%3Brest%2C23.100.0%2CN%3Bscale%2C21.0.0%2CN%3Bsearch%2C22.100.0%2CN%3Bsecurity%2C21.300.0%2CN%3Bseo%2C23.200.0%2CN%3Bsocialservices%2C22.200.400%2CN%3Bsprint.migration%2C4.2.4%2CN%3Bsubscribe%2C21.0.0%2CN%3Btranslate%2C23.200.0%2CN%3Bui%2C22.1600.0%2CN%3Bvote%2C23.0.0%2CN&reqm=sprint.migration&lim=Y&SUPD_SRS=RU&SUPD_CMP=N
2024-05-19 13:02:27 -  - exec CUpdateClientPartner::GetHTTPPage
2024-05-19 13:02:27 -  - TIME LoadModulesUpdates(request) 0.146 sec
2024-05-19 13:02:27 -  - exec CUpdateClientPartner::ParseServerData
2024-05-19 13:02:27 - S - STEP
2024-05-19 13:02:27 - LMU01 - LoadModulesUpdates-Step
2024-05-19 13:02:27 -  - exec CUpdateClientPartner::LoadModulesUpdates
2024-05-19 13:02:27 -  - exec CUpdateClientPartner::ParseServerData
2024-05-19 13:02:27 -  - loadFile
2024-05-19 13:02:28 - U - RETURN
2024-05-19 13:02:28 -  - exec CUpdateClientPartner::UnGzipArchive
2024-05-19 13:02:28 -  - TIME UnGzipArchive 0.308 sec
2024-05-19 13:02:28 - CSURUS1 - Run updater '/bitrix/updates/update_m1716112948/sprint.migration/updater4.6.1.php'
2024-05-19 13:02:28 -  - TIME UpdateStepModules 0.27 sec
2024-05-19 13:02:28 - UPD_SUCCESS - Updated: sprint.migration (4.6.1)<br>1) Поддержка настройки параметров для умного фильтра (автор Petr Lebedev @defast)<br> 2) Убрано поле SERVER_NAME при экспорте инфоблока (автор Андрей Чурсин)<br> 3) Ошибка при создании группы пользователей с полем SECURITY_POLICY (автор @jasmanchik)<br> 4) Подсказка в миграциях об обязательных полях (автор @igord_sdk, @Hasanov_Evgeny)<br> 5) Вынесены в конфиг формат даты для создания файла миграции и регулярное выражение для поиска миграций (авторы @Semyashkin, @ivan_milov, @LebedevPV, @ildar_kkk)<br> 6) Поддержка настройки параметров для умного фильтра (автор @defast)<br> 7) Улучшено создание миграций для highload-блока (автор @defast)<br> 
2024-05-19 13:02:28 -  - exec CUpdateClientPartner::LoadModulesUpdates
2024-05-19 13:02:28 -  - exec CUpdateClientPartner::__CollectRequestData
2024-05-19 13:02:28 -  - utf=Y&lang=ru&stable=Y&CANGZIP=Y&SUPD_DBS=MYSQL&XE=N&CLIENT_SITE=btrx&LICENSE_KEY=X&SUPD_STS=1&SUPD_URS=1&TYPENC=D&CLIENT_PHPVER=8.1.9&NGINX=Y&dbv=8.0.30&instm=main%2C23.300.100%2CY%3Bb24connector%2C22.0.0%2CN%3Bbitrix.sitecorporate%2C15.5.0%2CN%3Bbitrix.siteinfoportal%2C15.5.0%2CN%3Bbitrix.sitepersonal%2C15.5.0%2CN%3Bbitrixcloud%2C22.100.0%2CN%3Bblog%2C22.0.0%2CN%3Bclouds%2C23.0.0%2CN%3Bfileman%2C22.300.0%2CN%3Bform%2C22.0.0%2CN%3Bforum%2C23.0.0%2CN%3Bhighloadblock%2C22.200.0%2CN%3Biblock%2C23.100.0%2CN%3Blanding%2C23.600.150%2CN%3Blocation%2C23.0.0%2CN%3Bmessageservice%2C23.0.0%2CN%3Bmobileapp%2C23.0.0%2CN%3Bperfmon%2C21.0.0%2CN%3Bphotogallery%2C22.0.200%2CN%3Brest%2C23.100.0%2CN%3Bscale%2C21.0.0%2CN%3Bsearch%2C22.100.0%2CN%3Bsecurity%2C21.300.0%2CN%3Bseo%2C23.200.0%2CN%3Bsocialservices%2C22.200.400%2CN%3Bsprint.migration%2C4.6.1%2CN%3Bsubscribe%2C21.0.0%2CN%3Btranslate%2C23.200.0%2CN%3Bui%2C22.1600.0%2CN%3Bvote%2C23.0.0%2CN&reqm=sprint.migration&lim=Y&SUPD_SRS=RU&SUPD_CMP=N
2024-05-19 13:02:28 -  - exec CUpdateClientPartner::GetHTTPPage
2024-05-19 13:02:29 -  - TIME LoadModulesUpdates(request) 0.191 sec
2024-05-19 13:02:29 -  - exec CUpdateClientPartner::ParseServerData
2024-05-19 13:02:29 - S - STEP
2024-05-19 13:02:29 - LMU01 - LoadModulesUpdates-Step
2024-05-19 13:02:29 -  - exec CUpdateClientPartner::LoadModulesUpdates
2024-05-19 13:02:29 -  - exec CUpdateClientPartner::ParseServerData
2024-05-19 13:02:29 -  - loadFile
2024-05-19 13:02:29 - U - RETURN
2024-05-19 13:02:29 -  - exec CUpdateClientPartner::UnGzipArchive
2024-05-19 13:02:31 -  - TIME UnGzipArchive 1.698 sec
2024-05-19 13:02:32 -  - TIME UpdateStepModules 0.94 sec
2024-05-19 13:02:32 - UPD_SUCCESS - Updated: sprint.migration (4.8.2)<br>1) Поиск по выпадающим спискам (автор @SatanaKonst )<br> 2) Поменять местами миграцию категорий и элементов инфоблоков (автор @Mvaice)<br> 3) Подправить сортировку свойств при добавлении к инфоблоку (автор @ildar_kkk)<br> 4) Отображение дополнительной информации об ошибках (автор Сергей Проханов)<br> 
2024-05-19 13:02:32 -  - exec CUpdateClientPartner::LoadModulesUpdates
2024-05-19 13:02:32 -  - exec CUpdateClientPartner::__CollectRequestData
2024-05-19 13:02:32 -  - utf=Y&lang=ru&stable=Y&CANGZIP=Y&SUPD_DBS=MYSQL&XE=N&CLIENT_SITE=btrx&LICENSE_KEY=X&SUPD_STS=1&SUPD_URS=1&TYPENC=D&CLIENT_PHPVER=8.1.9&NGINX=Y&dbv=8.0.30&instm=main%2C23.300.100%2CY%3Bb24connector%2C22.0.0%2CN%3Bbitrix.sitecorporate%2C15.5.0%2CN%3Bbitrix.siteinfoportal%2C15.5.0%2CN%3Bbitrix.sitepersonal%2C15.5.0%2CN%3Bbitrixcloud%2C22.100.0%2CN%3Bblog%2C22.0.0%2CN%3Bclouds%2C23.0.0%2CN%3Bfileman%2C22.300.0%2CN%3Bform%2C22.0.0%2CN%3Bforum%2C23.0.0%2CN%3Bhighloadblock%2C22.200.0%2CN%3Biblock%2C23.100.0%2CN%3Blanding%2C23.600.150%2CN%3Blocation%2C23.0.0%2CN%3Bmessageservice%2C23.0.0%2CN%3Bmobileapp%2C23.0.0%2CN%3Bperfmon%2C21.0.0%2CN%3Bphotogallery%2C22.0.200%2CN%3Brest%2C23.100.0%2CN%3Bscale%2C21.0.0%2CN%3Bsearch%2C22.100.0%2CN%3Bsecurity%2C21.300.0%2CN%3Bseo%2C23.200.0%2CN%3Bsocialservices%2C22.200.400%2CN%3Bsprint.migration%2C4.8.2%2CN%3Bsubscribe%2C21.0.0%2CN%3Btranslate%2C23.200.0%2CN%3Bui%2C22.1600.0%2CN%3Bvote%2C23.0.0%2CN&reqm=sprint.migration&lim=Y&SUPD_SRS=RU&SUPD_CMP=N
2024-05-19 13:02:32 -  - exec CUpdateClientPartner::GetHTTPPage
2024-05-19 13:02:32 -  - TIME LoadModulesUpdates(request) 0.157 sec
2024-05-19 13:02:32 -  - exec CUpdateClientPartner::ParseServerData
2024-05-19 13:02:32 - STEP - Finish - NOUPDATES
2024-05-19 13:02:32 - STEP - Finish - NOUPDATES
2024-05-19 13:06:13 -  - exec CUpdateClientPartner::GetUpdatesList
2024-05-19 13:06:13 -  - exec CUpdateClientPartner::__CollectRequestData
2024-05-19 13:06:13 -  - utf=Y&lang=ru&stable=Y&CANGZIP=Y&SUPD_DBS=MYSQL&XE=N&CLIENT_SITE=btrx&LICENSE_KEY=X&SUPD_STS=1&SUPD_URS=1&TYPENC=D&CLIENT_PHPVER=8.1.9&NGINX=Y&dbv=8.0.30&instm=main%2C23.300.100%2CY%3Bb24connector%2C22.0.0%2CN%3Bbitrix.sitecorporate%2C15.5.0%2CN%3Bbitrix.siteinfoportal%2C15.5.0%2CN%3Bbitrix.sitepersonal%2C15.5.0%2CN%3Bbitrixcloud%2C22.100.0%2CN%3Bblog%2C22.0.0%2CN%3Bclouds%2C23.0.0%2CN%3Bfileman%2C22.300.0%2CN%3Bform%2C22.0.0%2CN%3Bforum%2C23.0.0%2CN%3Bhighloadblock%2C22.200.0%2CN%3Biblock%2C23.100.0%2CN%3Blanding%2C23.600.150%2CN%3Blocation%2C23.0.0%2CN%3Bmessageservice%2C23.0.0%2CN%3Bmobileapp%2C23.0.0%2CN%3Bperfmon%2C21.0.0%2CN%3Bphotogallery%2C22.0.200%2CN%3Brest%2C23.100.0%2CN%3Bscale%2C21.0.0%2CN%3Bsearch%2C22.100.0%2CN%3Bsecurity%2C21.300.0%2CN%3Bseo%2C23.200.0%2CN%3Bsocialservices%2C22.200.400%2CN%3Bsprint.migration%2C4.8.2%2CN%3Bsubscribe%2C21.0.0%2CN%3Btranslate%2C23.200.0%2CN%3Bui%2C22.1600.0%2CN%3Bvote%2C23.0.0%2CN&reqm=bitrix.sitecorporate%2Cbitrix.siteinfoportal%2Cbitrix.sitepersonal%2Csprint.migration%2Csprint.migration&SUPD_SRS=RU&SUPD_CMP=N
2024-05-19 13:06:13 -  - exec CUpdateClientPartner::GetHTTPPage
2024-05-19 13:06:14 -  - TIME GetUpdatesList(request) 0.217 sec
2024-05-19 13:06:14 -  - exec CUpdateClientPartner::ParseServerData
2024-05-19 13:06:22 -  - exec CUpdateClientPartner::GetUpdatesList
2024-05-19 13:06:22 -  - exec CUpdateClientPartner::__CollectRequestData
2024-05-19 13:06:22 -  - utf=Y&lang=ru&stable=Y&CANGZIP=Y&SUPD_DBS=MYSQL&XE=N&CLIENT_SITE=btrx&LICENSE_KEY=X&SUPD_STS=1&SUPD_URS=1&TYPENC=D&CLIENT_PHPVER=8.1.9&NGINX=Y&dbv=8.0.30&instm=main%2C23.300.100%2CY%3Bb24connector%2C22.0.0%2CN%3Bbitrix.sitecorporate%2C15.5.0%2CN%3Bbitrix.siteinfoportal%2C15.5.0%2CN%3Bbitrix.sitepersonal%2C15.5.0%2CN%3Bbitrixcloud%2C22.100.0%2CN%3Bblog%2C22.0.0%2CN%3Bclouds%2C23.0.0%2CN%3Bfileman%2C22.300.0%2CN%3Bform%2C22.0.0%2CN%3Bforum%2C23.0.0%2CN%3Bhighloadblock%2C22.200.0%2CN%3Biblock%2C23.100.0%2CN%3Blanding%2C23.600.150%2CN%3Blocation%2C23.0.0%2CN%3Bmessageservice%2C23.0.0%2CN%3Bmobileapp%2C23.0.0%2CN%3Bperfmon%2C21.0.0%2CN%3Bphotogallery%2C22.0.200%2CN%3Brest%2C23.100.0%2CN%3Bscale%2C21.0.0%2CN%3Bsearch%2C22.100.0%2CN%3Bsecurity%2C21.300.0%2CN%3Bseo%2C23.200.0%2CN%3Bsocialservices%2C22.200.400%2CN%3Bsprint.migration%2C4.8.2%2CN%3Bsubscribe%2C21.0.0%2CN%3Btranslate%2C23.200.0%2CN%3Bui%2C22.1600.0%2CN%3Bvote%2C23.0.0%2CN&reqm=bitrix.sitecorporate%2Cbitrix.siteinfoportal%2Cbitrix.sitepersonal%2Csprint.migration%2Csprint.migration&SUPD_SRS=RU&SUPD_CMP=N
2024-05-19 13:06:22 -  - exec CUpdateClientPartner::GetHTTPPage
2024-05-19 13:06:22 -  - TIME GetUpdatesList(request) 0.166 sec
2024-05-19 13:06:22 -  - exec CUpdateClientPartner::ParseServerData
2024-05-19 13:06:27 -  - exec CUpdateClientPartner::GetUpdatesList
2024-05-19 13:06:27 -  - exec CUpdateClientPartner::__CollectRequestData
2024-05-19 13:06:27 -  - utf=Y&lang=ru&stable=Y&CANGZIP=Y&SUPD_DBS=MYSQL&XE=N&CLIENT_SITE=btrx&LICENSE_KEY=X&SUPD_STS=1&SUPD_URS=1&TYPENC=D&CLIENT_PHPVER=8.1.9&NGINX=Y&dbv=8.0.30&instm=main%2C23.300.100%2CY%3Bb24connector%2C22.0.0%2CN%3Bbitrix.sitecorporate%2C15.5.0%2CN%3Bbitrix.siteinfoportal%2C15.5.0%2CN%3Bbitrix.sitepersonal%2C15.5.0%2CN%3Bbitrixcloud%2C22.100.0%2CN%3Bblog%2C22.0.0%2CN%3Bclouds%2C23.0.0%2CN%3Bfileman%2C22.300.0%2CN%3Bform%2C22.0.0%2CN%3Bforum%2C23.0.0%2CN%3Bhighloadblock%2C22.200.0%2CN%3Biblock%2C23.100.0%2CN%3Blanding%2C23.600.150%2CN%3Blocation%2C23.0.0%2CN%3Bmessageservice%2C23.0.0%2CN%3Bmobileapp%2C23.0.0%2CN%3Bperfmon%2C21.0.0%2CN%3Bphotogallery%2C22.0.200%2CN%3Brest%2C23.100.0%2CN%3Bscale%2C21.0.0%2CN%3Bsearch%2C22.100.0%2CN%3Bsecurity%2C21.300.0%2CN%3Bseo%2C23.200.0%2CN%3Bsocialservices%2C22.200.400%2CN%3Bsprint.migration%2C4.8.2%2CN%3Bsubscribe%2C21.0.0%2CN%3Btranslate%2C23.200.0%2CN%3Bui%2C22.1600.0%2CN%3Bvote%2C23.0.0%2CN&reqm=bitrix.sitecorporate%2Cbitrix.siteinfoportal%2Cbitrix.sitepersonal%2Csprint.migration%2Csprint.migration&SUPD_SRS=RU&SUPD_CMP=N
2024-05-19 13:06:27 -  - exec CUpdateClientPartner::GetHTTPPage
2024-05-19 13:06:27 -  - TIME GetUpdatesList(request) 0.152 sec
2024-05-19 13:06:27 -  - exec CUpdateClientPartner::ParseServerData
2024-05-19 13:06:30 -  - exec CUpdateClientPartner::GetUpdatesList
2024-05-19 13:06:30 -  - exec CUpdateClientPartner::__CollectRequestData
2024-05-19 13:06:30 -  - utf=Y&lang=ru&stable=Y&CANGZIP=Y&SUPD_DBS=MYSQL&XE=N&CLIENT_SITE=btrx&LICENSE_KEY=X&SUPD_STS=1&SUPD_URS=1&TYPENC=D&CLIENT_PHPVER=8.1.9&NGINX=Y&dbv=8.0.30&instm=main%2C23.300.100%2CY%3Bb24connector%2C22.0.0%2CN%3Bbitrix.sitecorporate%2C15.5.0%2CN%3Bbitrix.siteinfoportal%2C15.5.0%2CN%3Bbitrix.sitepersonal%2C15.5.0%2CN%3Bbitrixcloud%2C22.100.0%2CN%3Bblog%2C22.0.0%2CN%3Bclouds%2C23.0.0%2CN%3Bfileman%2C22.300.0%2CN%3Bform%2C22.0.0%2CN%3Bforum%2C23.0.0%2CN%3Bhighloadblock%2C22.200.0%2CN%3Biblock%2C23.100.0%2CN%3Blanding%2C23.600.150%2CN%3Blocation%2C23.0.0%2CN%3Bmessageservice%2C23.0.0%2CN%3Bmobileapp%2C23.0.0%2CN%3Bperfmon%2C21.0.0%2CN%3Bphotogallery%2C22.0.200%2CN%3Brest%2C23.100.0%2CN%3Bscale%2C21.0.0%2CN%3Bsearch%2C22.100.0%2CN%3Bsecurity%2C21.300.0%2CN%3Bseo%2C23.200.0%2CN%3Bsocialservices%2C22.200.400%2CN%3Bsprint.migration%2C4.8.2%2CN%3Bsubscribe%2C21.0.0%2CN%3Btranslate%2C23.200.0%2CN%3Bui%2C22.1600.0%2CN%3Bvote%2C23.0.0%2CN&reqm=bitrix.sitecorporate%2Cbitrix.siteinfoportal%2Cbitrix.sitepersonal%2Csprint.migration%2Csprint.migration&SUPD_SRS=RU&SUPD_CMP=N
2024-05-19 13:06:30 -  - exec CUpdateClientPartner::GetHTTPPage
2024-05-19 13:06:30 -  - TIME GetUpdatesList(request) 0.178 sec
2024-05-19 13:06:30 -  - exec CUpdateClientPartner::ParseServerData
2024-05-19 13:06:37 -  - exec CUpdateClientPartner::GetUpdatesList
2024-05-19 13:06:37 -  - exec CUpdateClientPartner::__CollectRequestData
2024-05-19 13:06:37 -  - utf=Y&lang=ru&stable=Y&CANGZIP=Y&SUPD_DBS=MYSQL&XE=N&CLIENT_SITE=btrx&LICENSE_KEY=X&SUPD_STS=1&SUPD_URS=1&TYPENC=D&CLIENT_PHPVER=8.1.9&NGINX=Y&dbv=8.0.30&instm=main%2C23.300.100%2CY%3Bb24connector%2C22.0.0%2CN%3Bbitrix.sitecorporate%2C15.5.0%2CN%3Bbitrix.siteinfoportal%2C15.5.0%2CN%3Bbitrix.sitepersonal%2C15.5.0%2CN%3Bbitrixcloud%2C22.100.0%2CN%3Bblog%2C22.0.0%2CN%3Bclouds%2C23.0.0%2CN%3Bfileman%2C22.300.0%2CN%3Bform%2C22.0.0%2CN%3Bforum%2C23.0.0%2CN%3Bhighloadblock%2C22.200.0%2CN%3Biblock%2C23.100.0%2CN%3Blanding%2C23.600.150%2CN%3Blocation%2C23.0.0%2CN%3Bmessageservice%2C23.0.0%2CN%3Bmobileapp%2C23.0.0%2CN%3Bperfmon%2C21.0.0%2CN%3Bphotogallery%2C22.0.200%2CN%3Brest%2C23.100.0%2CN%3Bscale%2C21.0.0%2CN%3Bsearch%2C22.100.0%2CN%3Bsecurity%2C21.300.0%2CN%3Bseo%2C23.200.0%2CN%3Bsocialservices%2C22.200.400%2CN%3Bsprint.migration%2C4.8.2%2CN%3Bsubscribe%2C21.0.0%2CN%3Btranslate%2C23.200.0%2CN%3Bui%2C22.1600.0%2CN%3Bvote%2C23.0.0%2CN&reqm=bitrix.sitecorporate%2Cbitrix.siteinfoportal%2Cbitrix.sitepersonal%2Csprint.migration&SUPD_SRS=RU&SUPD_CMP=N
2024-05-19 13:06:37 -  - exec CUpdateClientPartner::GetHTTPPage
2024-05-19 13:06:38 -  - TIME GetUpdatesList(request) 0.168 sec
2024-05-19 13:06:38 -  - exec CUpdateClientPartner::ParseServerData
2024-05-19 13:06:38 -  - exec CUpdateClientPartner::GetUpdatesList
2024-05-19 13:06:38 -  - exec CUpdateClientPartner::__CollectRequestData
2024-05-19 13:06:38 -  - utf=Y&lang=ru&stable=Y&CANGZIP=Y&SUPD_DBS=MYSQL&XE=N&CLIENT_SITE=btrx&LICENSE_KEY=X&SUPD_STS=1&SUPD_URS=1&TYPENC=D&CLIENT_PHPVER=8.1.9&NGINX=Y&dbv=8.0.30&instm=main%2C23.300.100%2CY%3Bb24connector%2C22.0.0%2CN%3Bbitrix.sitecorporate%2C15.5.0%2CN%3Bbitrix.siteinfoportal%2C15.5.0%2CN%3Bbitrix.sitepersonal%2C15.5.0%2CN%3Bbitrixcloud%2C22.100.0%2CN%3Bblog%2C22.0.0%2CN%3Bclouds%2C23.0.0%2CN%3Bfileman%2C22.300.0%2CN%3Bform%2C22.0.0%2CN%3Bforum%2C23.0.0%2CN%3Bhighloadblock%2C22.200.0%2CN%3Biblock%2C23.100.0%2CN%3Blanding%2C23.600.150%2CN%3Blocation%2C23.0.0%2CN%3Bmessageservice%2C23.0.0%2CN%3Bmobileapp%2C23.0.0%2CN%3Bperfmon%2C21.0.0%2CN%3Bphotogallery%2C22.0.200%2CN%3Brest%2C23.100.0%2CN%3Bscale%2C21.0.0%2CN%3Bsearch%2C22.100.0%2CN%3Bsecurity%2C21.300.0%2CN%3Bseo%2C23.200.0%2CN%3Bsocialservices%2C22.200.400%2CN%3Bsprint.migration%2C4.8.2%2CN%3Bsubscribe%2C21.0.0%2CN%3Btranslate%2C23.200.0%2CN%3Bui%2C22.1600.0%2CN%3Bvote%2C23.0.0%2CN&reqm=bitrix.sitecorporate%2Cbitrix.siteinfoportal%2Cbitrix.sitepersonal%2Csprint.migration&fullmoduleinfo=Y&SUPD_SRS=RU&SUPD_CMP=N
2024-05-19 13:06:38 -  - exec CUpdateClientPartner::GetHTTPPage
2024-05-19 13:06:38 -  - TIME GetUpdatesList(request) 0.155 sec
2024-05-19 13:06:38 -  - exec CUpdateClientPartner::ParseServerData
2024-05-19 13:06:38 -  - exec CUpdateClientPartner::GetUpdatesList
2024-05-19 13:06:38 -  - exec CUpdateClientPartner::__CollectRequestData
2024-05-19 13:06:38 -  - utf=Y&lang=ru&stable=Y&CANGZIP=Y&SUPD_DBS=MYSQL&XE=N&CLIENT_SITE=btrx&LICENSE_KEY=X&SUPD_STS=1&SUPD_URS=1&TYPENC=D&CLIENT_PHPVER=8.1.9&NGINX=Y&dbv=8.0.30&instm=main%2C23.300.100%2CY%3Bb24connector%2C22.0.0%2CN%3Bbitrix.sitecorporate%2C15.5.0%2CN%3Bbitrix.siteinfoportal%2C15.5.0%2CN%3Bbitrix.sitepersonal%2C15.5.0%2CN%3Bbitrixcloud%2C22.100.0%2CN%3Bblog%2C22.0.0%2CN%3Bclouds%2C23.0.0%2CN%3Bfileman%2C22.300.0%2CN%3Bform%2C22.0.0%2CN%3Bforum%2C23.0.0%2CN%3Bhighloadblock%2C22.200.0%2CN%3Biblock%2C23.100.0%2CN%3Blanding%2C23.600.150%2CN%3Blocation%2C23.0.0%2CN%3Bmessageservice%2C23.0.0%2CN%3Bmobileapp%2C23.0.0%2CN%3Bperfmon%2C21.0.0%2CN%3Bphotogallery%2C22.0.200%2CN%3Brest%2C23.100.0%2CN%3Bscale%2C21.0.0%2CN%3Bsearch%2C22.100.0%2CN%3Bsecurity%2C21.300.0%2CN%3Bseo%2C23.200.0%2CN%3Bsocialservices%2C22.200.400%2CN%3Bsprint.migration%2C4.8.2%2CN%3Bsubscribe%2C21.0.0%2CN%3Btranslate%2C23.200.0%2CN%3Bui%2C22.1600.0%2CN%3Bvote%2C23.0.0%2CN&reqm=bitrix.sitecorporate%2Cbitrix.siteinfoportal%2Cbitrix.sitepersonal%2Csprint.migration&fullmoduleinfo=Y&SUPD_SRS=RU&SUPD_CMP=N
2024-05-19 13:06:38 -  - exec CUpdateClientPartner::GetHTTPPage
2024-05-19 13:06:38 -  - TIME GetUpdatesList(request) 0.145 sec
2024-05-19 13:06:38 -  - exec CUpdateClientPartner::ParseServerData
2024-05-19 13:06:39 -  - exec CUpdateClientPartner::GetUpdatesList
2024-05-19 13:06:39 -  - exec CUpdateClientPartner::__CollectRequestData
2024-05-19 13:06:39 -  - utf=Y&lang=ru&stable=Y&CANGZIP=Y&SUPD_DBS=MYSQL&XE=N&CLIENT_SITE=btrx&LICENSE_KEY=X&SUPD_STS=1&SUPD_URS=1&TYPENC=D&CLIENT_PHPVER=8.1.9&NGINX=Y&dbv=8.0.30&instm=main%2C23.300.100%2CY%3Bb24connector%2C22.0.0%2CN%3Bbitrix.sitecorporate%2C15.5.0%2CN%3Bbitrix.siteinfoportal%2C15.5.0%2CN%3Bbitrix.sitepersonal%2C15.5.0%2CN%3Bbitrixcloud%2C22.100.0%2CN%3Bblog%2C22.0.0%2CN%3Bclouds%2C23.0.0%2CN%3Bfileman%2C22.300.0%2CN%3Bform%2C22.0.0%2CN%3Bforum%2C23.0.0%2CN%3Bhighloadblock%2C22.200.0%2CN%3Biblock%2C23.100.0%2CN%3Blanding%2C23.600.150%2CN%3Blocation%2C23.0.0%2CN%3Bmessageservice%2C23.0.0%2CN%3Bmobileapp%2C23.0.0%2CN%3Bperfmon%2C21.0.0%2CN%3Bphotogallery%2C22.0.200%2CN%3Brest%2C23.100.0%2CN%3Bscale%2C21.0.0%2CN%3Bsearch%2C22.100.0%2CN%3Bsecurity%2C21.300.0%2CN%3Bseo%2C23.200.0%2CN%3Bsocialservices%2C22.200.400%2CN%3Bsprint.migration%2C4.8.2%2CN%3Bsubscribe%2C21.0.0%2CN%3Btranslate%2C23.200.0%2CN%3Bui%2C22.1600.0%2CN%3Bvote%2C23.0.0%2CN&reqm=bitrix.sitecorporate%2Cbitrix.siteinfoportal%2Cbitrix.sitepersonal%2Csprint.migration&fullmoduleinfo=Y&SUPD_SRS=RU&SUPD_CMP=N
2024-05-19 13:06:39 -  - exec CUpdateClientPartner::GetHTTPPage
2024-05-19 13:06:39 -  - TIME GetUpdatesList(request) 0.148 sec
2024-05-19 13:06:39 -  - exec CUpdateClientPartner::ParseServerData
2024-05-19 13:06:40 -  - exec CUpdateClientPartner::GetUpdatesList
2024-05-19 13:06:40 -  - exec CUpdateClientPartner::__CollectRequestData
2024-05-19 13:06:40 -  - utf=Y&lang=ru&stable=Y&CANGZIP=Y&SUPD_DBS=MYSQL&XE=N&CLIENT_SITE=btrx&LICENSE_KEY=X&SUPD_STS=1&SUPD_URS=1&TYPENC=D&CLIENT_PHPVER=8.1.9&NGINX=Y&dbv=8.0.30&instm=main%2C23.300.100%2CY%3Bb24connector%2C22.0.0%2CN%3Bbitrix.sitecorporate%2C15.5.0%2CN%3Bbitrix.siteinfoportal%2C15.5.0%2CN%3Bbitrix.sitepersonal%2C15.5.0%2CN%3Bbitrixcloud%2C22.100.0%2CN%3Bblog%2C22.0.0%2CN%3Bclouds%2C23.0.0%2CN%3Bfileman%2C22.300.0%2CN%3Bform%2C22.0.0%2CN%3Bforum%2C23.0.0%2CN%3Bhighloadblock%2C22.200.0%2CN%3Biblock%2C23.100.0%2CN%3Blanding%2C23.600.150%2CN%3Blocation%2C23.0.0%2CN%3Bmessageservice%2C23.0.0%2CN%3Bmobileapp%2C23.0.0%2CN%3Bperfmon%2C21.0.0%2CN%3Bphotogallery%2C22.0.200%2CN%3Brest%2C23.100.0%2CN%3Bscale%2C21.0.0%2CN%3Bsearch%2C22.100.0%2CN%3Bsecurity%2C21.300.0%2CN%3Bseo%2C23.200.0%2CN%3Bsocialservices%2C22.200.400%2CN%3Bsprint.migration%2C4.8.2%2CN%3Bsubscribe%2C21.0.0%2CN%3Btranslate%2C23.200.0%2CN%3Bui%2C22.1600.0%2CN%3Bvote%2C23.0.0%2CN&reqm=bitrix.sitecorporate%2Cbitrix.siteinfoportal%2Cbitrix.sitepersonal%2Csprint.migration&SUPD_SRS=RU&SUPD_CMP=N
2024-05-19 13:06:40 -  - exec CUpdateClientPartner::GetHTTPPage
2024-05-19 13:06:40 -  - TIME GetUpdatesList(request) 0.144 sec
2024-05-19 13:06:40 -  - exec CUpdateClientPartner::ParseServerData
2024-05-19 13:06:41 -  - exec CUpdateClientPartner::GetUpdatesList
2024-05-19 13:06:41 -  - exec CUpdateClientPartner::__CollectRequestData
2024-05-19 13:06:41 -  - utf=Y&lang=ru&stable=Y&CANGZIP=Y&SUPD_DBS=MYSQL&XE=N&CLIENT_SITE=btrx&LICENSE_KEY=X&SUPD_STS=1&SUPD_URS=1&TYPENC=D&CLIENT_PHPVER=8.1.9&NGINX=Y&dbv=8.0.30&instm=main%2C23.300.100%2CY%3Bb24connector%2C22.0.0%2CN%3Bbitrix.sitecorporate%2C15.5.0%2CN%3Bbitrix.siteinfoportal%2C15.5.0%2CN%3Bbitrix.sitepersonal%2C15.5.0%2CN%3Bbitrixcloud%2C22.100.0%2CN%3Bblog%2C22.0.0%2CN%3Bclouds%2C23.0.0%2CN%3Bfileman%2C22.300.0%2CN%3Bform%2C22.0.0%2CN%3Bforum%2C23.0.0%2CN%3Bhighloadblock%2C22.200.0%2CN%3Biblock%2C23.100.0%2CN%3Blanding%2C23.600.150%2CN%3Blocation%2C23.0.0%2CN%3Bmessageservice%2C23.0.0%2CN%3Bmobileapp%2C23.0.0%2CN%3Bperfmon%2C21.0.0%2CN%3Bphotogallery%2C22.0.200%2CN%3Brest%2C23.100.0%2CN%3Bscale%2C21.0.0%2CN%3Bsearch%2C22.100.0%2CN%3Bsecurity%2C21.300.0%2CN%3Bseo%2C23.200.0%2CN%3Bsocialservices%2C22.200.400%2CN%3Bsprint.migration%2C4.8.2%2CN%3Bsubscribe%2C21.0.0%2CN%3Btranslate%2C23.200.0%2CN%3Bui%2C22.1600.0%2CN%3Bvote%2C23.0.0%2CN&reqm=bitrix.sitecorporate%2Cbitrix.siteinfoportal%2Cbitrix.sitepersonal%2Csprint.migration&fullmoduleinfo=Y&SUPD_SRS=RU&SUPD_CMP=N
2024-05-19 13:06:41 -  - exec CUpdateClientPartner::GetHTTPPage
2024-05-19 13:06:41 -  - TIME GetUpdatesList(request) 0.179 sec
2024-05-19 13:06:41 -  - exec CUpdateClientPartner::ParseServerData
2024-05-19 13:06:45 -  - exec CUpdateClientPartner::GetUpdatesList
2024-05-19 13:06:45 -  - exec CUpdateClientPartner::__CollectRequestData
2024-05-19 13:06:45 -  - utf=Y&lang=ru&stable=Y&CANGZIP=Y&SUPD_DBS=MYSQL&XE=N&CLIENT_SITE=btrx&LICENSE_KEY=X&SUPD_STS=1&SUPD_URS=1&TYPENC=D&CLIENT_PHPVER=8.1.9&NGINX=Y&dbv=8.0.30&instm=main%2C23.300.100%2CY%3Bb24connector%2C22.0.0%2CN%3Bbitrix.sitecorporate%2C15.5.0%2CN%3Bbitrix.siteinfoportal%2C15.5.0%2CN%3Bbitrix.sitepersonal%2C15.5.0%2CN%3Bbitrixcloud%2C22.100.0%2CN%3Bblog%2C22.0.0%2CN%3Bclouds%2C23.0.0%2CN%3Bfileman%2C22.300.0%2CN%3Bform%2C22.0.0%2CN%3Bforum%2C23.0.0%2CN%3Bhighloadblock%2C22.200.0%2CN%3Biblock%2C23.100.0%2CN%3Blanding%2C23.600.150%2CN%3Blocation%2C23.0.0%2CN%3Bmessageservice%2C23.0.0%2CN%3Bmobileapp%2C23.0.0%2CN%3Bperfmon%2C21.0.0%2CN%3Bphotogallery%2C22.0.200%2CN%3Brest%2C23.100.0%2CN%3Bscale%2C21.0.0%2CN%3Bsearch%2C22.100.0%2CN%3Bsecurity%2C21.300.0%2CN%3Bseo%2C23.200.0%2CN%3Bsocialservices%2C22.200.400%2CN%3Bsprint.migration%2C4.8.2%2CN%3Bsubscribe%2C21.0.0%2CN%3Btranslate%2C23.200.0%2CN%3Bui%2C22.1600.0%2CN%3Bvote%2C23.0.0%2CN&reqm=bitrix.sitecorporate%2Cbitrix.siteinfoportal%2Cbitrix.sitepersonal%2Csprint.migration&fullmoduleinfo=Y&SUPD_SRS=RU&SUPD_CMP=N
2024-05-19 13:06:45 -  - exec CUpdateClientPartner::GetHTTPPage
2024-05-19 13:06:46 -  - TIME GetUpdatesList(request) 0.162 sec
2024-05-19 13:06:46 -  - exec CUpdateClientPartner::ParseServerData
2024-05-19 13:06:46 -  - exec CUpdateClientPartner::GetUpdatesList
2024-05-19 13:06:46 -  - exec CUpdateClientPartner::__CollectRequestData
2024-05-19 13:06:46 -  - utf=Y&lang=ru&stable=Y&CANGZIP=Y&SUPD_DBS=MYSQL&XE=N&CLIENT_SITE=btrx&LICENSE_KEY=X&SUPD_STS=1&SUPD_URS=1&TYPENC=D&CLIENT_PHPVER=8.1.9&NGINX=Y&dbv=8.0.30&instm=main%2C23.300.100%2CY%3Bb24connector%2C22.0.0%2CN%3Bbitrix.sitecorporate%2C15.5.0%2CN%3Bbitrix.siteinfoportal%2C15.5.0%2CN%3Bbitrix.sitepersonal%2C15.5.0%2CN%3Bbitrixcloud%2C22.100.0%2CN%3Bblog%2C22.0.0%2CN%3Bclouds%2C23.0.0%2CN%3Bfileman%2C22.300.0%2CN%3Bform%2C22.0.0%2CN%3Bforum%2C23.0.0%2CN%3Bhighloadblock%2C22.200.0%2CN%3Biblock%2C23.100.0%2CN%3Blanding%2C23.600.150%2CN%3Blocation%2C23.0.0%2CN%3Bmessageservice%2C23.0.0%2CN%3Bmobileapp%2C23.0.0%2CN%3Bperfmon%2C21.0.0%2CN%3Bphotogallery%2C22.0.200%2CN%3Brest%2C23.100.0%2CN%3Bscale%2C21.0.0%2CN%3Bsearch%2C22.100.0%2CN%3Bsecurity%2C21.300.0%2CN%3Bseo%2C23.200.0%2CN%3Bsocialservices%2C22.200.400%2CN%3Bsprint.migration%2C4.8.2%2CN%3Bsubscribe%2C21.0.0%2CN%3Btranslate%2C23.200.0%2CN%3Bui%2C22.1600.0%2CN%3Bvote%2C23.0.0%2CN&reqm=bitrix.sitecorporate%2Cbitrix.siteinfoportal%2Cbitrix.sitepersonal%2Csprint.migration&fullmoduleinfo=Y&SUPD_SRS=RU&SUPD_CMP=N
2024-05-19 13:06:46 -  - exec CUpdateClientPartner::GetHTTPPage
2024-05-19 13:06:46 -  - TIME GetUpdatesList(request) 0.175 sec
2024-05-19 13:06:46 -  - exec CUpdateClientPartner::ParseServerData
